-- Install configuration: ""
-- Up-to-date: /home/stewart/Repositories/pincer/install/arctos_config/share/ament_index/resource_index/package_run_dependencies/arctos_config
-- Up-to-date: /home/stewart/Repositories/pincer/install/arctos_config/share/ament_index/resource_index/parent_prefix_path/arctos_config
-- Up-to-date: /home/stewart/Repositories/pincer/install/arctos_config/share/arctos_config/environment/ament_prefix_path.sh
-- Up-to-date: /home/stewart/Repositories/pincer/install/arctos_config/share/arctos_config/environment/ament_prefix_path.dsv
-- Up-to-date: /home/stewart/Repositories/pincer/install/arctos_config/share/arctos_config/environment/path.sh
-- Up-to-date: /home/stewart/Repositories/pincer/install/arctos_config/share/arctos_config/environment/path.dsv
-- Up-to-date: /home/stewart/Repositories/pincer/install/arctos_config/share/arctos_config/local_setup.bash
-- Up-to-date: /home/stewart/Repositories/pincer/install/arctos_config/share/arctos_config/local_setup.sh
-- Up-to-date: /home/stewart/Repositories/pincer/install/arctos_config/share/arctos_config/local_setup.zsh
-- Up-to-date: /home/stewart/Repositories/pincer/install/arctos_config/share/arctos_config/local_setup.dsv
-- Up-to-date: /home/stewart/Repositories/pincer/install/arctos_config/share/arctos_config/package.dsv
-- Up-to-date: /home/stewart/Repositories/pincer/install/arctos_config/share/ament_index/resource_index/packages/arctos_config
-- Up-to-date: /home/stewart/Repositories/pincer/install/arctos_config/share/arctos_config/cmake/arctos_configConfig.cmake
-- Up-to-date: /home/stewart/Repositories/pincer/install/arctos_config/share/arctos_config/cmake/arctos_configConfig-version.cmake
-- Up-to-date: /home/stewart/Repositories/pincer/install/arctos_config/share/arctos_config/package.xml
-- Up-to-date: /home/stewart/Repositories/pincer/install/arctos_config/share/arctos_config/launch
-- Up-to-date: /home/stewart/Repositories/pincer/install/arctos_config/share/arctos_config/launch/arctos_urdf_moveit_sensor_manager.launch.xml
-- Up-to-date: /home/stewart/Repositories/pincer/install/arctos_config/share/arctos_config/launch/warehouse.launch
-- Up-to-date: /home/stewart/Repositories/pincer/install/arctos_config/share/arctos_config/launch/trajectory_execution.launch.xml
-- Up-to-date: /home/stewart/Repositories/pincer/install/arctos_config/share/arctos_config/launch/planning_context.launch
-- Up-to-date: /home/stewart/Repositories/pincer/install/arctos_config/share/arctos_config/launch/move_group.launch
-- Up-to-date: /home/stewart/Repositories/pincer/install/arctos_config/share/arctos_config/launch/moveit.rviz
-- Up-to-date: /home/stewart/Repositories/pincer/install/arctos_config/share/arctos_config/launch/pilz_industrial_motion_planner_planning_pipeline.launch.xml
-- Up-to-date: /home/stewart/Repositories/pincer/install/arctos_config/share/arctos_config/launch/moveit_rviz.launch
-- Up-to-date: /home/stewart/Repositories/pincer/install/arctos_config/share/arctos_config/launch/chomp_planning_pipeline.launch.xml
-- Up-to-date: /home/stewart/Repositories/pincer/install/arctos_config/share/arctos_config/launch/fake_moveit_controller_manager.launch.xml
-- Up-to-date: /home/stewart/Repositories/pincer/install/arctos_config/share/arctos_config/launch/joystick_control.launch
-- Up-to-date: /home/stewart/Repositories/pincer/install/arctos_config/share/arctos_config/launch/default_warehouse_db.launch
-- Up-to-date: /home/stewart/Repositories/pincer/install/arctos_config/share/arctos_config/launch/gazebo.launch
-- Up-to-date: /home/stewart/Repositories/pincer/install/arctos_config/share/arctos_config/launch/demo.launch
-- Up-to-date: /home/stewart/Repositories/pincer/install/arctos_config/share/arctos_config/launch/warehouse_settings.launch.xml
-- Up-to-date: /home/stewart/Repositories/pincer/install/arctos_config/share/arctos_config/launch/ompl_planning_pipeline.launch.xml
-- Up-to-date: /home/stewart/Repositories/pincer/install/arctos_config/share/arctos_config/launch/planning_pipeline.launch.xml
-- Up-to-date: /home/stewart/Repositories/pincer/install/arctos_config/share/arctos_config/launch/sensor_manager.launch.xml
-- Up-to-date: /home/stewart/Repositories/pincer/install/arctos_config/share/arctos_config/launch/arctos_urdf_moveit_controller_manager.launch.xml
-- Up-to-date: /home/stewart/Repositories/pincer/install/arctos_config/share/arctos_config/launch/run_benchmark_ompl.launch
-- Up-to-date: /home/stewart/Repositories/pincer/install/arctos_config/share/arctos_config/launch/ros_controllers.launch
-- Up-to-date: /home/stewart/Repositories/pincer/install/arctos_config/share/arctos_config/launch/demo_gazebo.launch
-- Up-to-date: /home/stewart/Repositories/pincer/install/arctos_config/share/arctos_config/config
-- Up-to-date: /home/stewart/Repositories/pincer/install/arctos_config/share/arctos_config/config/chomp_planning.yaml
-- Up-to-date: /home/stewart/Repositories/pincer/install/arctos_config/share/arctos_config/config/fake_controllers.yaml
-- Up-to-date: /home/stewart/Repositories/pincer/install/arctos_config/share/arctos_config/config/arctos_urdf.srdf
-- Up-to-date: /home/stewart/Repositories/pincer/install/arctos_config/share/arctos_config/config/sensors_3d.yaml
-- Up-to-date: /home/stewart/Repositories/pincer/install/arctos_config/share/arctos_config/config/ros_controllers.yaml
-- Up-to-date: /home/stewart/Repositories/pincer/install/arctos_config/share/arctos_config/config/cartesian_limits.yaml
-- Up-to-date: /home/stewart/Repositories/pincer/install/arctos_config/share/arctos_config/config/kinematics.yaml
-- Up-to-date: /home/stewart/Repositories/pincer/install/arctos_config/share/arctos_config/config/joint_limits.yaml
-- Up-to-date: /home/stewart/Repositories/pincer/install/arctos_config/share/arctos_config/config/ompl_planning.yaml
