[0.008s] Invoking command in '/home/stewart/Repositories/pincer/build/arctos_config': AMENT_PREFIX_PATH=/home/stewart/Repositories/pincer/install/arctos_urdf_description:${AMENT_PREFIX_PATH} CMAKE_PREFIX_PATH=/home/stewart/Repositories/pincer/install/arctos_urdf_description:/opt/ros/jazzy/opt/gz_math_vendor:/opt/ros/jazzy/opt/gz_utils_vendor:/opt/ros/jazzy/opt/gz_cmake_vendor:/opt/ros/jazzy DEBUGINFOD_URLS=https://debuginfod.ubuntu.com /usr/bin/cmake --build /home/stewart/Repositories/pincer/build/arctos_config -- -j8 -l8
[0.050s] Invoked command in '/home/stewart/Repositories/pincer/build/arctos_config' returned '0': AMENT_PREFIX_PATH=/home/stewart/Repositories/pincer/install/arctos_urdf_description:${AMENT_PREFIX_PATH} CMAKE_PREFIX_PATH=/home/stewart/Repositories/pincer/install/arctos_urdf_description:/opt/ros/jazzy/opt/gz_math_vendor:/opt/ros/jazzy/opt/gz_utils_vendor:/opt/ros/jazzy/opt/gz_cmake_vendor:/opt/ros/jazzy DEBUGINFOD_URLS=https://debuginfod.ubuntu.com /usr/bin/cmake --build /home/stewart/Repositories/pincer/build/arctos_config -- -j8 -l8
[0.052s] Invoking command in '/home/stewart/Repositories/pincer/build/arctos_config': AMENT_PREFIX_PATH=/home/stewart/Repositories/pincer/install/arctos_urdf_description:${AMENT_PREFIX_PATH} CMAKE_PREFIX_PATH=/home/stewart/Repositories/pincer/install/arctos_urdf_description:/opt/ros/jazzy/opt/gz_math_vendor:/opt/ros/jazzy/opt/gz_utils_vendor:/opt/ros/jazzy/opt/gz_cmake_vendor:/opt/ros/jazzy DEBUGINFOD_URLS=https://debuginfod.ubuntu.com /usr/bin/cmake --install /home/stewart/Repositories/pincer/build/arctos_config
[0.058s] -- Install configuration: ""
[0.059s] -- Up-to-date: /home/stewart/Repositories/pincer/install/arctos_config/share/ament_index/resource_index/package_run_dependencies/arctos_config
[0.059s] -- Up-to-date: /home/stewart/Repositories/pincer/install/arctos_config/share/ament_index/resource_index/parent_prefix_path/arctos_config
[0.059s] -- Up-to-date: /home/stewart/Repositories/pincer/install/arctos_config/share/arctos_config/environment/ament_prefix_path.sh
[0.059s] -- Up-to-date: /home/stewart/Repositories/pincer/install/arctos_config/share/arctos_config/environment/ament_prefix_path.dsv
[0.059s] -- Up-to-date: /home/stewart/Repositories/pincer/install/arctos_config/share/arctos_config/environment/path.sh
[0.059s] -- Up-to-date: /home/stewart/Repositories/pincer/install/arctos_config/share/arctos_config/environment/path.dsv
[0.059s] -- Up-to-date: /home/stewart/Repositories/pincer/install/arctos_config/share/arctos_config/local_setup.bash
[0.059s] -- Up-to-date: /home/stewart/Repositories/pincer/install/arctos_config/share/arctos_config/local_setup.sh
[0.060s] -- Up-to-date: /home/stewart/Repositories/pincer/install/arctos_config/share/arctos_config/local_setup.zsh
[0.060s] -- Up-to-date: /home/stewart/Repositories/pincer/install/arctos_config/share/arctos_config/local_setup.dsv
[0.060s] -- Up-to-date: /home/stewart/Repositories/pincer/install/arctos_config/share/arctos_config/package.dsv
[0.060s] -- Up-to-date: /home/stewart/Repositories/pincer/install/arctos_config/share/ament_index/resource_index/packages/arctos_config
[0.061s] -- Up-to-date: /home/stewart/Repositories/pincer/install/arctos_config/share/arctos_config/cmake/arctos_configConfig.cmake
[0.061s] -- Up-to-date: /home/stewart/Repositories/pincer/install/arctos_config/share/arctos_config/cmake/arctos_configConfig-version.cmake
[0.061s] -- Up-to-date: /home/stewart/Repositories/pincer/install/arctos_config/share/arctos_config/package.xml
[0.061s] -- Up-to-date: /home/stewart/Repositories/pincer/install/arctos_config/share/arctos_config/launch
[0.061s] -- Up-to-date: /home/stewart/Repositories/pincer/install/arctos_config/share/arctos_config/launch/arctos_urdf_moveit_sensor_manager.launch.xml
[0.061s] -- Up-to-date: /home/stewart/Repositories/pincer/install/arctos_config/share/arctos_config/launch/warehouse.launch
[0.062s] -- Up-to-date: /home/stewart/Repositories/pincer/install/arctos_config/share/arctos_config/launch/trajectory_execution.launch.xml
[0.062s] -- Up-to-date: /home/stewart/Repositories/pincer/install/arctos_config/share/arctos_config/launch/planning_context.launch
[0.062s] -- Up-to-date: /home/stewart/Repositories/pincer/install/arctos_config/share/arctos_config/launch/move_group.launch
[0.062s] -- Up-to-date: /home/stewart/Repositories/pincer/install/arctos_config/share/arctos_config/launch/moveit.rviz
[0.063s] -- Up-to-date: /home/stewart/Repositories/pincer/install/arctos_config/share/arctos_config/launch/pilz_industrial_motion_planner_planning_pipeline.launch.xml
[0.063s] -- Up-to-date: /home/stewart/Repositories/pincer/install/arctos_config/share/arctos_config/launch/moveit_rviz.launch
[0.063s] -- Up-to-date: /home/stewart/Repositories/pincer/install/arctos_config/share/arctos_config/launch/chomp_planning_pipeline.launch.xml
[0.063s] -- Up-to-date: /home/stewart/Repositories/pincer/install/arctos_config/share/arctos_config/launch/fake_moveit_controller_manager.launch.xml
[0.063s] -- Up-to-date: /home/stewart/Repositories/pincer/install/arctos_config/share/arctos_config/launch/joystick_control.launch
[0.063s] -- Up-to-date: /home/stewart/Repositories/pincer/install/arctos_config/share/arctos_config/launch/default_warehouse_db.launch
[0.064s] -- Up-to-date: /home/stewart/Repositories/pincer/install/arctos_config/share/arctos_config/launch/gazebo.launch
[0.064s] -- Up-to-date: /home/stewart/Repositories/pincer/install/arctos_config/share/arctos_config/launch/demo.launch
[0.065s] -- Up-to-date: /home/stewart/Repositories/pincer/install/arctos_config/share/arctos_config/launch/warehouse_settings.launch.xml
[0.065s] -- Up-to-date: /home/stewart/Repositories/pincer/install/arctos_config/share/arctos_config/launch/ompl_planning_pipeline.launch.xml
[0.065s] -- Up-to-date: /home/stewart/Repositories/pincer/install/arctos_config/share/arctos_config/launch/planning_pipeline.launch.xml
[0.065s] -- Up-to-date: /home/stewart/Repositories/pincer/install/arctos_config/share/arctos_config/launch/sensor_manager.launch.xml
[0.066s] -- Up-to-date: /home/stewart/Repositories/pincer/install/arctos_config/share/arctos_config/launch/arctos_urdf_moveit_controller_manager.launch.xml
[0.066s] -- Up-to-date: /home/stewart/Repositories/pincer/install/arctos_config/share/arctos_config/launch/run_benchmark_ompl.launch
[0.066s] -- Up-to-date: /home/stewart/Repositories/pincer/install/arctos_config/share/arctos_config/launch/ros_controllers.launch
[0.066s] -- Up-to-date: /home/stewart/Repositories/pincer/install/arctos_config/share/arctos_config/launch/demo_gazebo.launch
[0.066s] -- Up-to-date: /home/stewart/Repositories/pincer/install/arctos_config/share/arctos_config/config
[0.066s] -- Up-to-date: /home/stewart/Repositories/pincer/install/arctos_config/share/arctos_config/config/chomp_planning.yaml
[0.066s] -- Up-to-date: /home/stewart/Repositories/pincer/install/arctos_config/share/arctos_config/config/fake_controllers.yaml
[0.067s] -- Up-to-date: /home/stewart/Repositories/pincer/install/arctos_config/share/arctos_config/config/arctos_urdf.srdf
[0.067s] -- Up-to-date: /home/stewart/Repositories/pincer/install/arctos_config/share/arctos_config/config/sensors_3d.yaml
[0.067s] -- Up-to-date: /home/stewart/Repositories/pincer/install/arctos_config/share/arctos_config/config/ros_controllers.yaml
[0.067s] -- Up-to-date: /home/stewart/Repositories/pincer/install/arctos_config/share/arctos_config/config/cartesian_limits.yaml
[0.067s] -- Up-to-date: /home/stewart/Repositories/pincer/install/arctos_config/share/arctos_config/config/kinematics.yaml
[0.068s] -- Up-to-date: /home/stewart/Repositories/pincer/install/arctos_config/share/arctos_config/config/joint_limits.yaml
[0.068s] -- Up-to-date: /home/stewart/Repositories/pincer/install/arctos_config/share/arctos_config/config/ompl_planning.yaml
[0.068s] Invoked command in '/home/stewart/Repositories/pincer/build/arctos_config' returned '0': AMENT_PREFIX_PATH=/home/stewart/Repositories/pincer/install/arctos_urdf_description:${AMENT_PREFIX_PATH} CMAKE_PREFIX_PATH=/home/stewart/Repositories/pincer/install/arctos_urdf_description:/opt/ros/jazzy/opt/gz_math_vendor:/opt/ros/jazzy/opt/gz_utils_vendor:/opt/ros/jazzy/opt/gz_cmake_vendor:/opt/ros/jazzy DEBUGINFOD_URLS=https://debuginfod.ubuntu.com /usr/bin/cmake --install /home/stewart/Repositories/pincer/build/arctos_config
