[0.010s] Invoking command in '/home/stewart/Repositories/pincer/build/arctos_moveit': CMAKE_PREFIX_PATH=${CMAKE_PREFIX_PATH}:/opt/ros/jazzy DEBUGINFOD_URLS=https://debuginfod.ubuntu.com /usr/bin/cmake /home/stewart/Repositories/pincer/src/arctos_moveit -DCMAKE_INSTALL_PREFIX=/home/stewart/Repositories/pincer/install/arctos_moveit
[0.030s] [31mCMake Error at CMakeLists.txt:15 (find_package):
[0.030s]   By not providing "Findmessage_generation.cmake" in CMAKE_MODULE_PATH this
[0.030s]   project has asked CMake to find a package configuration file provided by
[0.030s]   "message_generation", but CMake did not find one.
[0.031s] 
[0.031s]   Could not find a package configuration file provided by
[0.031s]   "message_generation" with any of the following names:
[0.031s] 
[0.031s]     message_generationConfig.cmake
[0.031s]     message_generation-config.cmake
[0.031s] 
[0.031s]   Add the installation prefix of "message_generation" to CMAKE_PREFIX_PATH or
[0.031s]   set "message_generation_DIR" to a directory containing one of the above
[0.031s]   files.  If "message_generation" provides a separate development package or
[0.032s]   SDK, be sure it has been installed.
[0.032s] 
[0.032s] [0m
[0.032s] -- Configuring incomplete, errors occurred!
[0.033s] Invoked command in '/home/stewart/Repositories/pincer/build/arctos_moveit' returned '1': CMAKE_PREFIX_PATH=${CMAKE_PREFIX_PATH}:/opt/ros/jazzy DEBUGINFOD_URLS=https://debuginfod.ubuntu.com /usr/bin/cmake /home/stewart/Repositories/pincer/src/arctos_moveit -DCMAKE_INSTALL_PREFIX=/home/stewart/Repositories/pincer/install/arctos_moveit
