[0.011s] Invoking command in '/home/stewart/Repositories/pincer/build/arctos_config': AMENT_PREFIX_PATH=/home/stewart/Repositories/pincer/install/arctos_urdf_description:${AMENT_PREFIX_PATH} CMAKE_PREFIX_PATH=/home/stewart/Repositories/pincer/install/arctos_urdf_description:/opt/ros/jazzy/opt/gz_math_vendor:/opt/ros/jazzy/opt/gz_utils_vendor:/opt/ros/jazzy/opt/gz_cmake_vendor:/opt/ros/jazzy DEBUGINFOD_URLS=https://debuginfod.ubuntu.com /usr/bin/cmake /home/stewart/Repositories/pincer/src/arctos_config -DCMAKE_INSTALL_PREFIX=/home/stewart/Repositories/pincer/install/arctos_config
[0.031s] -- Found ament_cmake: 2.5.3 (/opt/ros/jazzy/share/ament_cmake/cmake)
[0.241s] -- Found ament_lint_auto: 0.17.1 (/opt/ros/jazzy/share/ament_lint_auto/cmake)
[0.348s] -- Added test 'lint_cmake' to check CMake code style
[0.351s] -- Added test 'xmllint' to check XML markup files
[0.353s] -- Configuring done (0.3s)
[0.358s] -- Generating done (0.0s)
[0.362s] -- Build files have been written to: /home/stewart/Repositories/pincer/build/arctos_config
[0.366s] Invoked command in '/home/stewart/Repositories/pincer/build/arctos_config' returned '0': AMENT_PREFIX_PATH=/home/stewart/Repositories/pincer/install/arctos_urdf_description:${AMENT_PREFIX_PATH} CMAKE_PREFIX_PATH=/home/stewart/Repositories/pincer/install/arctos_urdf_description:/opt/ros/jazzy/opt/gz_math_vendor:/opt/ros/jazzy/opt/gz_utils_vendor:/opt/ros/jazzy/opt/gz_cmake_vendor:/opt/ros/jazzy DEBUGINFOD_URLS=https://debuginfod.ubuntu.com /usr/bin/cmake /home/stewart/Repositories/pincer/src/arctos_config -DCMAKE_INSTALL_PREFIX=/home/stewart/Repositories/pincer/install/arctos_config
[0.368s] Invoking command in '/home/stewart/Repositories/pincer/build/arctos_config': AMENT_PREFIX_PATH=/home/stewart/Repositories/pincer/install/arctos_urdf_description:${AMENT_PREFIX_PATH} CMAKE_PREFIX_PATH=/home/stewart/Repositories/pincer/install/arctos_urdf_description:/opt/ros/jazzy/opt/gz_math_vendor:/opt/ros/jazzy/opt/gz_utils_vendor:/opt/ros/jazzy/opt/gz_cmake_vendor:/opt/ros/jazzy DEBUGINFOD_URLS=https://debuginfod.ubuntu.com /usr/bin/cmake --build /home/stewart/Repositories/pincer/build/arctos_config -- -j8 -l8
[0.436s] Invoked command in '/home/stewart/Repositories/pincer/build/arctos_config' returned '0': AMENT_PREFIX_PATH=/home/stewart/Repositories/pincer/install/arctos_urdf_description:${AMENT_PREFIX_PATH} CMAKE_PREFIX_PATH=/home/stewart/Repositories/pincer/install/arctos_urdf_description:/opt/ros/jazzy/opt/gz_math_vendor:/opt/ros/jazzy/opt/gz_utils_vendor:/opt/ros/jazzy/opt/gz_cmake_vendor:/opt/ros/jazzy DEBUGINFOD_URLS=https://debuginfod.ubuntu.com /usr/bin/cmake --build /home/stewart/Repositories/pincer/build/arctos_config -- -j8 -l8
[0.438s] Invoking command in '/home/stewart/Repositories/pincer/build/arctos_config': AMENT_PREFIX_PATH=/home/stewart/Repositories/pincer/install/arctos_urdf_description:${AMENT_PREFIX_PATH} CMAKE_PREFIX_PATH=/home/stewart/Repositories/pincer/install/arctos_urdf_description:/opt/ros/jazzy/opt/gz_math_vendor:/opt/ros/jazzy/opt/gz_utils_vendor:/opt/ros/jazzy/opt/gz_cmake_vendor:/opt/ros/jazzy DEBUGINFOD_URLS=https://debuginfod.ubuntu.com /usr/bin/cmake --install /home/stewart/Repositories/pincer/build/arctos_config
[0.452s] -- Install configuration: ""
[0.452s] -- Installing: /home/stewart/Repositories/pincer/install/arctos_config/share/ament_index/resource_index/package_run_dependencies/arctos_config
[0.453s] -- Installing: /home/stewart/Repositories/pincer/install/arctos_config/share/ament_index/resource_index/parent_prefix_path/arctos_config
[0.453s] -- Installing: /home/stewart/Repositories/pincer/install/arctos_config/share/arctos_config/environment/ament_prefix_path.sh
[0.453s] -- Installing: /home/stewart/Repositories/pincer/install/arctos_config/share/arctos_config/environment/ament_prefix_path.dsv
[0.454s] -- Installing: /home/stewart/Repositories/pincer/install/arctos_config/share/arctos_config/environment/path.sh
[0.454s] -- Installing: /home/stewart/Repositories/pincer/install/arctos_config/share/arctos_config/environment/path.dsv
[0.454s] -- Installing: /home/stewart/Repositories/pincer/install/arctos_config/share/arctos_config/local_setup.bash
[0.454s] -- Installing: /home/stewart/Repositories/pincer/install/arctos_config/share/arctos_config/local_setup.sh
[0.455s] -- Installing: /home/stewart/Repositories/pincer/install/arctos_config/share/arctos_config/local_setup.zsh
[0.455s] -- Installing: /home/stewart/Repositories/pincer/install/arctos_config/share/arctos_config/local_setup.dsv
[0.455s] -- Installing: /home/stewart/Repositories/pincer/install/arctos_config/share/arctos_config/package.dsv
[0.455s] -- Installing: /home/stewart/Repositories/pincer/install/arctos_config/share/ament_index/resource_index/packages/arctos_config
[0.456s] -- Installing: /home/stewart/Repositories/pincer/install/arctos_config/share/arctos_config/cmake/arctos_configConfig.cmake
[0.456s] -- Installing: /home/stewart/Repositories/pincer/install/arctos_config/share/arctos_config/cmake/arctos_configConfig-version.cmake
[0.456s] -- Installing: /home/stewart/Repositories/pincer/install/arctos_config/share/arctos_config/package.xml
[0.456s] -- Installing: /home/stewart/Repositories/pincer/install/arctos_config/share/arctos_config/launch
[0.457s] -- Installing: /home/stewart/Repositories/pincer/install/arctos_config/share/arctos_config/launch/arctos_urdf_moveit_sensor_manager.launch.xml
[0.457s] -- Installing: /home/stewart/Repositories/pincer/install/arctos_config/share/arctos_config/launch/warehouse.launch
[0.457s] -- Installing: /home/stewart/Repositories/pincer/install/arctos_config/share/arctos_config/launch/trajectory_execution.launch.xml
[0.457s] -- Installing: /home/stewart/Repositories/pincer/install/arctos_config/share/arctos_config/launch/planning_context.launch
[0.457s] -- Installing: /home/stewart/Repositories/pincer/install/arctos_config/share/arctos_config/launch/move_group.launch
[0.457s] -- Installing: /home/stewart/Repositories/pincer/install/arctos_config/share/arctos_config/launch/moveit.rviz
[0.458s] -- Installing: /home/stewart/Repositories/pincer/install/arctos_config/share/arctos_config/launch/pilz_industrial_motion_planner_planning_pipeline.launch.xml
[0.458s] -- Installing: /home/stewart/Repositories/pincer/install/arctos_config/share/arctos_config/launch/moveit_rviz.launch
[0.458s] -- Installing: /home/stewart/Repositories/pincer/install/arctos_config/share/arctos_config/launch/chomp_planning_pipeline.launch.xml
[0.458s] -- Installing: /home/stewart/Repositories/pincer/install/arctos_config/share/arctos_config/launch/fake_moveit_controller_manager.launch.xml
[0.458s] -- Installing: /home/stewart/Repositories/pincer/install/arctos_config/share/arctos_config/launch/joystick_control.launch
[0.458s] -- Installing: /home/stewart/Repositories/pincer/install/arctos_config/share/arctos_config/launch/default_warehouse_db.launch
[0.458s] -- Installing: /home/stewart/Repositories/pincer/install/arctos_config/share/arctos_config/launch/gazebo.launch
[0.458s] -- Installing: /home/stewart/Repositories/pincer/install/arctos_config/share/arctos_config/launch/demo.launch
[0.459s] -- Installing: /home/stewart/Repositories/pincer/install/arctos_config/share/arctos_config/launch/warehouse_settings.launch.xml
[0.459s] -- Installing: /home/stewart/Repositories/pincer/install/arctos_config/share/arctos_config/launch/ompl_planning_pipeline.launch.xml
[0.459s] -- Installing: /home/stewart/Repositories/pincer/install/arctos_config/share/arctos_config/launch/planning_pipeline.launch.xml
[0.459s] -- Installing: /home/stewart/Repositories/pincer/install/arctos_config/share/arctos_config/launch/sensor_manager.launch.xml
[0.459s] -- Installing: /home/stewart/Repositories/pincer/install/arctos_config/share/arctos_config/launch/arctos_urdf_moveit_controller_manager.launch.xml
[0.459s] -- Installing: /home/stewart/Repositories/pincer/install/arctos_config/share/arctos_config/launch/run_benchmark_ompl.launch
[0.459s] -- Installing: /home/stewart/Repositories/pincer/install/arctos_config/share/arctos_config/launch/ros_controllers.launch
[0.459s] -- Installing: /home/stewart/Repositories/pincer/install/arctos_config/share/arctos_config/launch/demo_gazebo.launch
[0.460s] -- Installing: /home/stewart/Repositories/pincer/install/arctos_config/share/arctos_config/config
[0.460s] -- Installing: /home/stewart/Repositories/pincer/install/arctos_config/share/arctos_config/config/chomp_planning.yaml
[0.460s] -- Installing: /home/stewart/Repositories/pincer/install/arctos_config/share/arctos_config/config/fake_controllers.yaml
[0.460s] -- Installing: /home/stewart/Repositories/pincer/install/arctos_config/share/arctos_config/config/arctos_urdf.srdf
[0.460s] -- Installing: /home/stewart/Repositories/pincer/install/arctos_config/share/arctos_config/config/sensors_3d.yaml
[0.460s] -- Installing: /home/stewart/Repositories/pincer/install/arctos_config/share/arctos_config/config/ros_controllers.yaml
[0.460s] -- Installing: /home/stewart/Repositories/pincer/install/arctos_config/share/arctos_config/config/cartesian_limits.yaml
[0.460s] -- Installing: /home/stewart/Repositories/pincer/install/arctos_config/share/arctos_config/config/kinematics.yaml
[0.461s] -- Installing: /home/stewart/Repositories/pincer/install/arctos_config/share/arctos_config/config/joint_limits.yaml
[0.461s] -- Installing: /home/stewart/Repositories/pincer/install/arctos_config/share/arctos_config/config/ompl_planning.yaml
[0.462s] Invoked command in '/home/stewart/Repositories/pincer/build/arctos_config' returned '0': AMENT_PREFIX_PATH=/home/stewart/Repositories/pincer/install/arctos_urdf_description:${AMENT_PREFIX_PATH} CMAKE_PREFIX_PATH=/home/stewart/Repositories/pincer/install/arctos_urdf_description:/opt/ros/jazzy/opt/gz_math_vendor:/opt/ros/jazzy/opt/gz_utils_vendor:/opt/ros/jazzy/opt/gz_cmake_vendor:/opt/ros/jazzy DEBUGINFOD_URLS=https://debuginfod.ubuntu.com /usr/bin/cmake --install /home/stewart/Repositories/pincer/build/arctos_config
