[0.010s] Invoking command in '/home/stewart/Repositories/pincer/build/arctos_moveit': DEBUGINFOD_URLS=https://debuginfod.ubuntu.com /usr/bin/cmake /home/stewart/Repositories/pincer/src/arctos_moveit -DCMAKE_INSTALL_PREFIX=/home/stewart/Repositories/pincer/install/arctos_moveit
[0.030s] -- Found ament_cmake: 2.5.3 (/opt/ros/jazzy/share/ament_cmake/cmake)
[0.282s] -- Found ament_lint_auto: 0.17.1 (/opt/ros/jazzy/share/ament_lint_auto/cmake)
[0.354s] Error parsing '/home/stewart/Repositories/pincer/src/arctos_moveit/package.xml':
[2.360s] Traceback (most recent call last):
[2.360s]   File "/opt/ros/jazzy/share/ament_cmake_core/cmake/core/package_xml_2_cmake.py", line 150, in <module>
[2.360s]     main()
[2.360s]   File "/opt/ros/jazzy/share/ament_cmake_core/cmake/core/package_xml_2_cmake.py", line 53, in main
[2.361s]     raise e
[2.361s]   File "/opt/ros/jazzy/share/ament_cmake_core/cmake/core/package_xml_2_cmake.py", line 49, in main
[2.361s]     package = parse_package_string(
[2.361s]               ^^^^^^^^^^^^^^^^^^^^^
[2.361s]   File "/usr/lib/python3/dist-packages/catkin_pkg/package.py", line 786, in parse_package_string
[2.361s]     raise InvalidPackage('Error(s):%s' % (''.join(['\n- %s' % e for e in errors])), filename)
[2.361s] catkin_pkg.package.InvalidPackage: Error(s) in package '/home/stewart/Repositories/pincer/src/arctos_moveit/package.xml':
[2.361s] Error(s):
[2.361s] - The manifest of package "arctos_moveit" (with format version 1) must not contain the following tags: exec_depend, member_of_group
[2.362s] - Either update to a newer format or replace <exec_depend> tags with <run_depend> tags.
[2.405s] [31mCMake Error at /opt/ros/jazzy/share/ament_cmake_core/cmake/core/ament_package_xml.cmake:95 (message):
[2.405s]   execute_process(/usr/bin/python3
[2.405s]   /opt/ros/jazzy/share/ament_cmake_core/cmake/core/package_xml_2_cmake.py
[2.406s]   /home/stewart/Repositories/pincer/src/arctos_moveit/package.xml
[2.406s]   /home/stewart/Repositories/pincer/build/arctos_moveit/ament_cmake_core/package.cmake)
[2.406s]   returned error code 1
[2.406s] Call Stack (most recent call first):
[2.406s]   /opt/ros/jazzy/share/ament_cmake_core/cmake/core/ament_package_xml.cmake:49 (_ament_package_xml)
[2.406s]   /opt/ros/jazzy/share/ament_lint_auto/cmake/ament_lint_auto_find_test_dependencies.cmake:31 (ament_package_xml)
[2.406s]   CMakeLists.txt:45 (ament_lint_auto_find_test_dependencies)
[2.406s] 
[2.406s] [0m
[2.406s] -- Configuring incomplete, errors occurred!
