[0.010s] Invoking command in '/home/stewart/Repositories/pincer/build/arctos_moveit': CMAKE_PREFIX_PATH=${CMAKE_PREFIX_PATH}:/opt/ros/jazzy DEBUGINFOD_URLS=https://debuginfod.ubuntu.com /usr/bin/cmake /home/stewart/Repositories/pincer/src/arctos_moveit -DCMAKE_INSTALL_PREFIX=/home/stewart/Repositories/pincer/install/arctos_moveit
[0.027s] -- Found ament_cmake: 2.5.3 (/opt/ros/jazzy/share/ament_cmake/cmake)
[0.234s] -- Found rosidl_default_generators: 1.6.0 (/opt/ros/jazzy/share/rosidl_default_generators/cmake)
[0.240s] -- Using all available rosidl_typesupport_c: rosidl_typesupport_fastrtps_c;rosidl_typesupport_introspection_c
[0.283s] -- Using all available rosidl_typesupport_cpp: rosidl_typesupport_fastrtps_cpp;rosidl_typesupport_introspection_cpp
[0.307s] -- Found rosidl_adapter: 4.6.5 (/opt/ros/jazzy/share/rosidl_adapter/cmake)
[0.310s] -- Found sensor_msgs: 5.3.5 (/opt/ros/jazzy/share/sensor_msgs/cmake)
[0.413s] -- Found ament_lint_auto: 0.17.1 (/opt/ros/jazzy/share/ament_lint_auto/cmake)
[1.179s] -- Found ament_cmake_ros: 0.12.0 (/opt/ros/jazzy/share/ament_cmake_ros/cmake)
[1.881s] -- Using all available rosidl_typesupport_c: rosidl_typesupport_fastrtps_c;rosidl_typesupport_introspection_c
[2.810s] -- Using all available rosidl_typesupport_cpp: rosidl_typesupport_fastrtps_cpp;rosidl_typesupport_introspection_cpp
[2.812s] -- Found python_cmake_module: 0.11.1 (/opt/ros/jazzy/share/python_cmake_module/cmake)
[2.969s] -- Found PythonExtra: /usr/bin/python3  
[3.528s] -- Found Python3: /usr/bin/python3 (found version "3.12.3") found components: Interpreter Development NumPy Development.Module Development.Embed 
[3.637s] -- Added test 'cppcheck' to perform static code analysis on C / C++ code
[3.638s] -- Configured cppcheck include dirs: 
[3.638s] -- Configured cppcheck exclude dirs and/or files: 
[3.638s] -- Added test 'flake8' to check Python code syntax and style conventions
[3.638s] -- Configured 'flake8' exclude dirs and/or files: 
[3.638s] -- Added test 'lint_cmake' to check CMake code style
[3.639s] -- Added test 'pep257' to check Python code against some of the docstring style conventions in PEP 257
[3.640s] -- Added test 'uncrustify' to check C / C++ code style
[3.640s] -- Configured uncrustify additional arguments: 
[3.640s] -- Added test 'xmllint' to check XML markup files
[3.644s] [31mCMake Error at /opt/ros/jazzy/share/ament_cmake_core/cmake/core/ament_package.cmake:74 (message):
[3.644s]   ament_package() called with unused arguments:
[3.644s]   AMENT_DEPENDS;moveit_core;moveit_ros_planning_interface;interactive_markers;DEPENDS;EIGEN3
[3.645s] Call Stack (most recent call first):
[3.645s]   /opt/ros/jazzy/share/ament_cmake_core/cmake/core/ament_package.cmake:68 (_ament_package)
[3.645s]   CMakeLists.txt:76 (ament_package)
[3.645s] 
[3.645s] [0m
[3.645s] -- Configuring incomplete, errors occurred!
[3.652s] Invoked command in '/home/stewart/Repositories/pincer/build/arctos_moveit' returned '1': CMAKE_PREFIX_PATH=${CMAKE_PREFIX_PATH}:/opt/ros/jazzy DEBUGINFOD_URLS=https://debuginfod.ubuntu.com /usr/bin/cmake /home/stewart/Repositories/pincer/src/arctos_moveit -DCMAKE_INSTALL_PREFIX=/home/stewart/Repositories/pincer/install/arctos_moveit
